    Finished `dev` profile [unoptimized + debuginfo] target(s) in 0.32s
warning: the following packages contain code that will be rejected by a future version of Rust: sqlx-postgres v0.7.4
note: to see what the problems were, use the option `--future-incompat-report`, or run `cargo report future-incompatibilities --id 14`
     Running `target/debug/asset-management`
[2m2026-01-13T21:32:29.366324Z[0m [32m INFO[0m [2masset_management[0m[2m:[0m Starting Asset Management Backend v0.1.0
[2m2026-01-13T21:32:29.366872Z[0m [32m INFO[0m [2masset_management[0m[2m:[0m Environment: development
[2m2026-01-13T21:32:29.438187Z[0m [32m INFO[0m [2masset_management[0m[2m:[0m Database connected successfully
[2m2026-01-13T21:32:29.438234Z[0m [32m INFO[0m [2masset_management[0m[2m:[0m Running database migrations...
[2m2026-01-13T21:32:29.446118Z[0m [32m INFO[0m [2masset_management[0m[2m:[0m Migrations applied successfully.
[2m2026-01-13T21:32:29.457135Z[0m [32m INFO[0m [2masset_management::application::services::scheduler_service[0m[2m:[0m Scheduler started
[2m2026-01-13T21:32:29.472425Z[0m [32m INFO[0m [2masset_management[0m[2m:[0m Server listening on http://0.0.0.0:8080
[2m2026-01-13T21:33:33.144492Z[0m [32m INFO[0m [2masset_management::api::handlers::notification_ws[0m[2m:[0m New WebSocket connection: 0b5943ea-b7b7-4be6-9131-896003af28ce
[2m2026-01-13T21:33:33.148563Z[0m [32m INFO[0m [2masset_management::api::handlers::notification_ws[0m[2m:[0m WebSocket disconnected: 0b5943ea-b7b7-4be6-9131-896003af28ce
[2m2026-01-13T21:33:33.157435Z[0m [32m INFO[0m [2masset_management::api::handlers::notification_ws[0m[2m:[0m New WebSocket connection: b9db00e0-2abb-4e9e-8d6d-1914254eeebc
[2m2026-01-13T21:34:07.154594Z[0m [32m INFO[0m [2masset_management::api::handlers::notification_ws[0m[2m:[0m WebSocket disconnected: b9db00e0-2abb-4e9e-8d6d-1914254eeebc
[2m2026-01-13T21:34:10.161743Z[0m [32m INFO[0m [2masset_management::api::handlers::notification_ws[0m[2m:[0m New WebSocket connection: 8444eab8-898c-44b0-bf48-c16a7a7db0cb
[2m2026-01-13T21:34:20.868017Z[0m [32m INFO[0m [2masset_management::api::handlers::notification_ws[0m[2m:[0m WebSocket disconnected: 8444eab8-898c-44b0-bf48-c16a7a7db0cb
[2m2026-01-13T21:34:21.465816Z[0m [32m INFO[0m [2masset_management::api::handlers::notification_ws[0m[2m:[0m New WebSocket connection: 47c26930-81da-4c5f-a8b0-045ee8e923ec
[2m2026-01-13T21:34:21.469696Z[0m [32m INFO[0m [2masset_management::api::handlers::notification_ws[0m[2m:[0m WebSocket disconnected: 47c26930-81da-4c5f-a8b0-045ee8e923ec
[2m2026-01-13T21:34:21.478291Z[0m [32m INFO[0m [2masset_management::api::handlers::notification_ws[0m[2m:[0m New WebSocket connection: 060d1f47-a5e6-4c25-9bd3-5081a38b4d3c
[2m2026-01-13T21:38:00.300822Z[0m [32m INFO[0m [2masset_management::api::handlers::notification_ws[0m[2m:[0m WebSocket disconnected: 060d1f47-a5e6-4c25-9bd3-5081a38b4d3c
[2m2026-01-13T21:38:03.309376Z[0m [32m INFO[0m [2masset_management::api::handlers::notification_ws[0m[2m:[0m New WebSocket connection: 5f2b7c33-d9fe-4127-b0ff-b5019f915713
[2m2026-01-13T21:38:09.461465Z[0m [32m INFO[0m [2masset_management::api::handlers::notification_ws[0m[2m:[0m New WebSocket connection: a90f1204-af55-4bcd-9c04-085ba152eee1
[2m2026-01-13T21:38:09.478491Z[0m [32m INFO[0m [2masset_management::api::handlers::notification_ws[0m[2m:[0m New WebSocket connection: 7e254120-5b1b-4d43-a38e-29eda7b43469
[2m2026-01-13T21:38:09.485114Z[0m [32m INFO[0m [2masset_management::api::handlers::notification_ws[0m[2m:[0m WebSocket disconnected: a90f1204-af55-4bcd-9c04-085ba152eee1
[2m2026-01-13T22:14:43.609118Z[0m [32m INFO[0m [2masset_management::api::handlers::notification_ws[0m[2m:[0m WebSocket disconnected: 5f2b7c33-d9fe-4127-b0ff-b5019f915713
[2m2026-01-13T22:14:43.610168Z[0m [32m INFO[0m [2masset_management::api::handlers::notification_ws[0m[2m:[0m WebSocket disconnected: 7e254120-5b1b-4d43-a38e-29eda7b43469
[2m2026-01-13T22:14:44.014995Z[0m [32m INFO[0m [2masset_management::api::handlers::notification_ws[0m[2m:[0m New WebSocket connection: 886b65d9-9658-44bd-a608-cadbf0a2b833
[2m2026-01-13T22:14:44.019463Z[0m [32m INFO[0m [2masset_management::api::handlers::notification_ws[0m[2m:[0m WebSocket disconnected: 886b65d9-9658-44bd-a608-cadbf0a2b833
[2m2026-01-13T22:14:44.027422Z[0m [32m INFO[0m [2masset_management::api::handlers::notification_ws[0m[2m:[0m New WebSocket connection: d2fce590-b235-4c14-b80f-bd41582359f8
[2m2026-01-13T22:28:59.993773Z[0m [32m INFO[0m [2masset_management::api::handlers::notification_ws[0m[2m:[0m WebSocket disconnected: d2fce590-b235-4c14-b80f-bd41582359f8
[2m2026-01-13T22:29:00.439469Z[0m [32m INFO[0m [2masset_management::api::handlers::notification_ws[0m[2m:[0m New WebSocket connection: 66b0103e-f79a-4dfb-8df6-5b51619b05ca
[2m2026-01-13T22:29:00.445881Z[0m [32m INFO[0m [2masset_management::api::handlers::notification_ws[0m[2m:[0m WebSocket disconnected: 66b0103e-f79a-4dfb-8df6-5b51619b05ca
[2m2026-01-13T22:29:00.452000Z[0m [32m INFO[0m [2masset_management::api::handlers::notification_ws[0m[2m:[0m New WebSocket connection: 116155c0-8e7f-4051-905b-060d5d885429
[2m2026-01-13T22:29:07.103190Z[0m [32m INFO[0m [2masset_management::api::handlers::notification_ws[0m[2m:[0m New WebSocket connection: 95535348-b4af-4c35-9439-da50c9f31cbe
[2m2026-01-13T22:29:07.105129Z[0m [32m INFO[0m [2masset_management::api::handlers::notification_ws[0m[2m:[0m WebSocket disconnected: 95535348-b4af-4c35-9439-da50c9f31cbe
[2m2026-01-13T22:29:07.115783Z[0m [32m INFO[0m [2masset_management::api::handlers::notification_ws[0m[2m:[0m New WebSocket connection: a10953a7-1cb5-4d63-847d-448debc93dfa
[2m2026-01-13T22:29:22.933281Z[0m [32m INFO[0m [2masset_management::api::handlers::notification_ws[0m[2m:[0m WebSocket disconnected: a10953a7-1cb5-4d63-847d-448debc93dfa
[2m2026-01-13T22:33:47.560290Z[0m [32m INFO[0m [2masset_management::api::handlers::notification_ws[0m[2m:[0m New WebSocket connection: 06366e13-32ec-41d8-b981-086405a5543c
[2m2026-01-13T22:33:47.563794Z[0m [32m INFO[0m [2masset_management::api::handlers::notification_ws[0m[2m:[0m WebSocket disconnected: 06366e13-32ec-41d8-b981-086405a5543c
[2m2026-01-13T22:33:47.572978Z[0m [32m INFO[0m [2masset_management::api::handlers::notification_ws[0m[2m:[0m New WebSocket connection: 82aeace5-e846-4ed4-8aa9-bc462ad05840
[2m2026-01-13T22:34:22.558852Z[0m [32m INFO[0m [2masset_management::api::handlers::notification_ws[0m[2m:[0m New WebSocket connection: 5b2ab7e9-37f2-4991-8da5-4b1d51d69717
[2m2026-01-13T22:34:22.562078Z[0m [32m INFO[0m [2masset_management::api::handlers::notification_ws[0m[2m:[0m WebSocket disconnected: 5b2ab7e9-37f2-4991-8da5-4b1d51d69717
[2m2026-01-13T22:34:22.571828Z[0m [32m INFO[0m [2masset_management::api::handlers::notification_ws[0m[2m:[0m New WebSocket connection: fe4365bf-bda0-4ade-8b6a-9d5d5a330147
[2m2026-01-13T22:35:43.520760Z[0m [32m INFO[0m [2masset_management::api::handlers::notification_ws[0m[2m:[0m WebSocket disconnected: 116155c0-8e7f-4051-905b-060d5d885429
[2m2026-01-13T22:35:48.627269Z[0m [32m INFO[0m [2masset_management::api::handlers::notification_ws[0m[2m:[0m WebSocket disconnected: 82aeace5-e846-4ed4-8aa9-bc462ad05840
