    Blocking waiting for file lock on build directory
   Compiling asset-management v0.1.0 (D:\CodeQ\antigravity_scratch\asset-management)
warning: unused import: `Asset`
 --> src\application\services\conversion_service.rs:6:31
  |
6 | use crate::domain::entities::{Asset, AssetHistory};
  |                               ^^^^^
  |
  = note: `#[warn(unused_imports)]` (part of `#[warn(unused)]`) on by default

warning: unused variable: `state`
  --> src\api\routes\conversion_routes.rs:11:26
   |
11 | pub fn conversion_routes(state: AppState) -> Router<AppState> {
   |                          ^^^^^ help: if this is intentional, prefix it with an underscore: `_state`
   |
   = note: `#[warn(unused_variables)]` (part of `#[warn(unused)]`) on by default

warning: field `lifecycle_repo` is never read
  --> src\application\services\conversion_service.rs:17:5
   |
15 | pub struct ConversionService {
   |            ----------------- field in this struct
16 |     conversion_repo: ConversionRepository,
17 |     lifecycle_repo: LifecycleRepository,
   |     ^^^^^^^^^^^^^^
   |
   = note: `ConversionService` has a derived impl for the trait `Clone`, but this is intentionally ignored during dead code analysis
   = note: `#[warn(dead_code)]` (part of `#[warn(unused)]`) on by default

warning: `asset-management` (lib) generated 3 warnings (run `cargo fix --lib -p asset-management` to apply 1 suggestion)
    Finished `dev` profile [unoptimized + debuginfo] target(s) in 28.97s
warning: the following packages contain code that will be rejected by a future version of Rust: sqlx-postgres v0.7.4
note: to see what the problems were, use the option `--future-incompat-report`, or run `cargo report future-incompatibilities --id 2`
     Running `target\debug\asset-management.exe`
